[(32, 3, 56, 56), (32, 64, 28, 28), (32, 64, 28, 28), (32, 64, 14, 14), (32, 64, 14, 14), (32, 64, 14, 14)]
     bias  bias_applicable  ...  input_size_3  input_size_3_applicable
0       0                1  ...          56.0                      1.0
1       1                1  ...          28.0                      1.0
2      -1                0  ...          28.0                      1.0
3       0                1  ...          14.0                      1.0
4       1                1  ...          14.0                      1.0
..    ...              ...  ...           ...                      ...
830    -1                0  ...           7.0                      1.0
831     0                1  ...           7.0                      1.0
832     0                1  ...          14.0                      1.0
833    -1                0  ...           7.0                      1.0
834     1                1  ...          -1.0                      0.0

[835 rows x 57 columns]
[[0 1 3 1 64 1 7.0 7.0 1.0 3.0 3.0 1.0 2.0 2.0 1.0 -1 0 -1 0 -1 0 -1 0
  -1.0 0 -1.0 0 -1 0 -1.0 0 -1.0 0.0 -1.0 0.0 -1.0 0.0 -1.0 0.0 -1.0 -1.0
  0.0 False False False True False False False 32.0 1.0 3.0 1.0 56.0 1.0
  56.0 1.0]
 [1 1 -1 0 -1 0 -1.0 -1.0 0.0 -1.0 -1.0 0.0 -1.0 -1.0 0.0 -1 0 -1 0 -1 0
  1 1 1e-05 1 0.1 1 64 1 -1.0 0 -1.0 0.0 -1.0 0.0 -1.0 0.0 -1.0 0.0 -1.0
  -1.0 0.0 False False True False False False False 32.0 1.0 64.0 1.0
  28.0 1.0 28.0 1.0]
 [-1 0 -1 0 -1 0 -1.0 -1.0 0.0 -1.0 -1.0 0.0 -1.0 -1.0 0.0 -1 0 -1 0 1 1
  -1 0 -1.0 0 -1.0 0 -1 0 -1.0 0 -1.0 0.0 -1.0 0.0 -1.0 0.0 -1.0 0.0 -1.0
  -1.0 0.0 False False False False False True False 32.0 1.0 64.0 1.0
  28.0 1.0 28.0 1.0]]
